Log: Log file open, 05/28/23 16:49:20
Init: WinSock: version 1.1 (2.2), MaxSocks=32767, MaxUdp=65467
DevConfig: GConfig::LoadFile has loaded file:  ..\..\DukeGame\Config\DukeEditor.ini
DevConfig: GConfig::LoadFile has loaded file:  ..\..\DukeGame\Config\DukeEditorUserSettings.ini
DevConfig: GConfig::LoadFile has loaded file:  ..\..\DukeGame\Config\DukeSystemSettings.ini
DevConfig: GConfig::LoadFile has loaded file:  ..\..\DukeGame\Config\DukeLightmass.ini
DevConfig: GConfig::LoadFile has loaded file:  ..\..\DukeGame\Config\DukeEngine.ini
DevConfig: GConfig::LoadFile has loaded file:  ..\..\DukeGame\Config\DukeGame.ini
DevConfig: GConfig::LoadFile has loaded file:  ..\..\DukeGame\Config\DukeInput.ini
DevConfig: GConfig::LoadFile has loaded file:  ..\..\DukeGame\Config\DukeUI.ini
DevConfig: GConfig::Find has loaded file:  ..\..\Engine\Config\ConsoleVariables.ini
Init: Version: 10897
Init: Epic Internal: 0
Init: Compiled (64-bit): May 28 2023 16:40:17
Init: Changelist: 1532151
Init: Command line:  
Init: Base directory: D:\projects\Duke2004\Binaries\Win64\
[0000.66] Log: Deleting old log file Launch-backup-2013.08.11-19.54.20.log
[0000.66] Log: Deleting old log file Launch-backup-2023.05.28-16.49.20.log
[0000.66] Init: Computer: JUSTIN-MAINPC
[0000.67] Init: User: justi
[0000.67] Init: CPU Page size=4096, Processors=32
[0000.67] Init: High frequency timer resolution =10.000000 MHz
[0000.67] Init: Memory total: Physical=63.1GB (63GB approx) Pagefile=75.6GB Virtual=131072.0GB
[0000.67] DevStats: GSecondsPerCycle 1.000000e-007
[0000.74] Init: WinSock: I am justin-mainpc (192.168.1.4:0)
[0000.74] Init: Presizing for 0 objects not considered by GC, pre-allocating 0 bytes.
[0000.74] Init: Object subsystem initialized
[0000.74] DevSave: (System) 'Default__System' loading configuration from ..\..\DukeGame\Config\DukeEngine.ini
[0000.74] DevSave:    Loading value for SeekFreePCPaths from [Core.System]
[0000.74] DevSave:    Loading value for SeekFreePCExtensions from [Core.System]
[0000.74] DevSave:    Loading value for CutdownPaths from [Core.System]
[0000.74] DevSave:    Loading value for LocalizationPaths from [Core.System]
[0000.74] DevSave:    Loading value for TextureFileCacheExtension from [Core.System]
[0000.74] DevSave:    Loading value for Extensions from [Core.System]
[0000.75] DevSave:    Loading value for Suppress from [Core.System]
[0000.75] DevSave:    Loading value for FRScriptPaths from [Core.System]
[0000.75] DevSave:    Loading value for ScriptPaths from [Core.System]
[0000.75] DevSave:    Loading value for Paths from [Core.System]
[0000.75] DevSave:    Loading value for CacheExt from [Core.System]
[0000.75] DevSave:    Loading value for CachePath from [Core.System]
[0000.75] DevSave:    Loading value for SavePath from [Core.System]
[0000.75] DevSave:    Loading value for AsyncIOBandwidthLimit from [Core.System]
[0000.75] DevSave:    Loading value for PackageSizeSoftLimit from [Core.System]
[0000.75] DevSave:    Loading value for MaxOverallCacheSize from [Core.System]
[0000.75] DevSave:    Loading value for MaxStaleCacheSize from [Core.System]
[0000.75] DevSave:    Loading value for StaleCacheDays from [Core.System]
[0000.76] DevDataBase: Connection to "Provider=sqloledb;Data Source=production-db;Initial Catalog=EngineTaskPerf;Trusted_Connection=Yes;Connection Timeout=2" or "10.1.20.20" failed
[0001.21] Log: Found D3D11 adapter 0: NVIDIA GeForce RTX 4090
[0001.21] Log: Adapter has 24156MB of dedicated video memory, 0MB of dedicated system memory, and 32331MB of shared system memory
[0001.28] Log: Found D3D11 adapter 1: Microsoft Basic Render Driver
[0001.28] Log: Adapter has 0MB of dedicated video memory, 0MB of dedicated system memory, and 32331MB of shared system memory
[0001.33] Log: Shader platform (RHI): PC-D3D-SM3
[0004.73] Log: PhysX GPU Support: DISABLED
[0004.90] Log: Executing Class UnrealEd.MakeCommandlet
[0004.96] Heading: --------------------Core - Release--------------------
[0004.97] Log: New File, Existing Package (Package Untitled_0, Package Core)
[0004.97] Log: Package Core has stripped source, recompiling
[0004.97] Log: Analyzing...
[0004.97] Log: Loading global macros for Core
[0005.05] Log: Exporting native class declarations for Core
[0005.05] Log: Autogenerating C++ header: 
[0005.05] Log: Autogenerating C++ header: CoreNames.h
[0005.05] Log: Success: Compiled 3048 line(s), 497 statement(s).

[0005.05] Log: Scripts successfully compiled - saving package 'D:\projects\Duke2004\Binaries\Win64\..\..\DukeGame\Script\Core.u'
[0005.08] Log: Save=29.155500
[0005.08] Log: Moving '..\..\DukeGame\Script\Core_save.tmp' to '..\..\DukeGame\Script\Core.u'
[0005.09] Heading: --------------------Engine - Release--------------------
[0005.11] Log: Analyzing...
[0005.11] Log: Loading global macros for Engine
[0005.32] Log: Undefining macro 'INCLUDE_GAME_STATS' at line 11
[0008.10] Log: Exporting native class declarations for Engine
[0008.11] Log: Autogenerating C++ header: 
[0009.02] Log: Autogenerating C++ header: Mesh
[0009.03] Log: Autogenerating C++ header: ForceField
[0009.04] Log: Autogenerating C++ header: ProcBuilding
[0009.05] Log: Autogenerating C++ header: Camera
[0009.06] Log: Autogenerating C++ header: Controller
[0009.07] Log: Autogenerating C++ header: Particle
[0009.30] Log: Autogenerating C++ header: Fluid
[0009.30] Log: Autogenerating C++ header: FogVolume
[0009.31] Log: Autogenerating C++ header: ReplicationInfo
[0009.31] Log: Autogenerating C++ header: GameEngine
[0009.32] Log: Autogenerating C++ header: Foliage
[0009.32] Log: Autogenerating C++ header: Sound
[0009.33] Log: Autogenerating C++ header: LensFlare
[0009.33] Log: Autogenerating C++ header: Light
[0009.34] Log: Autogenerating C++ header: Pawn
[0009.35] Log: Autogenerating C++ header: Prefab
[0009.35] Log: Autogenerating C++ header: Anim
[0009.43] Log: Autogenerating C++ header: SpeedTree
[0009.43] Log: Autogenerating C++ header: Spline
[0009.43] Log: Autogenerating C++ header: AudioDevice
[0009.44] Log: Autogenerating C++ header: PlatformInterface
[0009.45] Log: Autogenerating C++ header: Base
[0009.45] Log: Autogenerating C++ header: Interpolation
[0009.49] Log: Autogenerating C++ header: Material
[0009.58] Log: Autogenerating C++ header: Scene
[0009.59] Log: Autogenerating C++ header: Sequence
[0009.72] Log: Autogenerating C++ header: SkeletalMesh
[0009.73] Log: Autogenerating C++ header: Texture
[0009.74] Log: Autogenerating C++ header: UserInterface
[0009.74] Log: Autogenerating C++ header: AI
[0009.79] Log: Autogenerating C++ header: Decal
[0009.79] Log: Autogenerating C++ header: Physics
[0009.81] Log: Autogenerating C++ header: Terrain
[0009.82] Log: Autogenerating C++ header: UIPrivate
[0009.84] Log: Autogenerating C++ header: EngineNames.h
[0010.19] Log: Success: Compiled 173832 line(s), 19408 statement(s).

[0010.19] Log: Scripts successfully compiled - saving package 'D:\projects\Duke2004\Binaries\Win64\..\..\DukeGame\Script\Engine.u'
[0011.08] Log: Save=895.298200
[0011.09] Log: Moving '..\..\DukeGame\Script\Engine_save.tmp' to '..\..\DukeGame\Script\Engine.u'
[0011.09] Heading: --------------------IpDrv - Release--------------------
[0011.09] Log: Analyzing...
[0011.09] Log: Loading global macros for IpDrv
[0011.60] Log: Exporting native class declarations for IpDrv
[0011.60] Log: Autogenerating C++ header: 
[0011.63] Log: Autogenerating C++ header: UIPrivate
[0011.63] Log: Autogenerating C++ header: IpDrvNames.h
[0011.64] Log: Success: Compiled 22426 line(s), 1995 statement(s).

[0011.65] Log: Scripts successfully compiled - saving package 'D:\projects\Duke2004\Binaries\Win64\..\..\DukeGame\Script\IpDrv.u'
[0011.77] Log: Save=116.351100
[0011.77] Log: Moving '..\..\DukeGame\Script\IpDrv_save.tmp' to '..\..\DukeGame\Script\IpDrv.u'
[0011.78] Heading: --------------------GFxUI - Release--------------------
[0011.79] Log: Analyzing...
[0011.79] Log: Loading global macros for GFxUI
[0011.86] Log: Exporting native class declarations for GFxUI
[0011.87] Log: Autogenerating C++ header: 
[0011.88] Log: Autogenerating C++ header: UISequence
[0011.88] Log: Autogenerating C++ header: GFxUINames.h
[0011.89] Log: Success: Compiled 1750 line(s), 326 statement(s).

[0011.89] Log: Scripts successfully compiled - saving package 'D:\projects\Duke2004\Binaries\Win64\..\..\DukeGame\Script\GFxUI.u'
[0011.95] Log: Save=46.188300
[0011.95] Log: Moving '..\..\DukeGame\Script\GFxUI_save.tmp' to '..\..\DukeGame\Script\GFxUI.u'
[0011.96] Heading: --------------------GameFramework - Release--------------------
[0011.96] Log: Analyzing...
[0011.98] Log: Loading global macros for GameFramework
[0012.62] Log: Exporting native class declarations for GameFramework
[0012.62] Log: Autogenerating C++ header: 
[0012.67] Log: Autogenerating C++ header: Camera
[0012.67] Log: Autogenerating C++ header: Anim
[0012.67] Log: Autogenerating C++ header: SpecialMoves
[0012.67] Log: Autogenerating C++ header: GameStats
[0012.67] Log: Autogenerating C++ header: GameFrameworkNames.h
[0012.79] Log: Success: Compiled 23901 line(s), 2529 statement(s).

[0012.79] Log: Scripts successfully compiled - saving package 'D:\projects\Duke2004\Binaries\Win64\..\..\DukeGame\Script\GameFramework.u'
[0012.96] Log: Save=167.854700
[0012.96] Log: Moving '..\..\DukeGame\Script\GameFramework_save.tmp' to '..\..\DukeGame\Script\GameFramework.u'
[0012.96] Heading: --------------------UnrealEd - Release--------------------
[0012.96] Log: Analyzing...
[0012.96] Log: Loading global macros for UnrealEd
[0013.21] Log: Exporting native class declarations for UnrealEd
[0013.21] Log: Autogenerating C++ header: 
[0013.37] Log: Autogenerating C++ header: Cascade
[0013.37] Log: Autogenerating C++ header: Private
[0013.37] Log: Autogenerating C++ header: GameStats
[0013.38] Log: Autogenerating C++ header: UnrealEdNames.h
[0013.66] Log: Success: Compiled 10589 line(s), 1113 statement(s).

[0013.66] Log: Scripts successfully compiled - saving package 'D:\projects\Duke2004\Binaries\Win64\..\..\DukeGame\Script\UnrealEd.u'
[0013.75] Log: Save=82.742400
[0013.75] Log: Moving '..\..\DukeGame\Script\UnrealEd_save.tmp' to '..\..\DukeGame\Script\UnrealEd.u'
[0013.75] Heading: --------------------GFxUIEditor - Release--------------------
[0013.75] Log: Analyzing...
[0013.75] Log: Loading global macros for GFxUIEditor
[0013.76] Log: Exporting native class declarations for GFxUIEditor
[0013.76] Log: Autogenerating C++ header: 
[0013.76] Log: Autogenerating C++ header: GFxUIEditorNames.h
[0013.76] Log: Success: Compiled 237 line(s), 12 statement(s).

[0013.76] Log: Scripts successfully compiled - saving package 'D:\projects\Duke2004\Binaries\Win64\..\..\DukeGame\Script\GFxUIEditor.u'
[0013.79] Log: Save=25.165200
[0013.79] Log: Moving '..\..\DukeGame\Script\GFxUIEditor_save.tmp' to '..\..\DukeGame\Script\GFxUIEditor.u'
[0013.79] Heading: --------------------WinDrv - Release--------------------
[0013.79] Log: Analyzing...
[0013.79] Log: Loading global macros for WinDrv
[0013.81] Log: Exporting native class declarations for WinDrv
[0013.81] Log: Autogenerating C++ header: 
[0013.81] Log: Autogenerating C++ header: WinDrvNames.h
[0013.82] Log: Success: Compiled 407 line(s), 66 statement(s).

[0013.82] Log: Scripts successfully compiled - saving package 'D:\projects\Duke2004\Binaries\Win64\..\..\DukeGame\Script\WinDrv.u'
[0013.85] Log: Save=29.432400
[0013.85] Log: Moving '..\..\DukeGame\Script\WinDrv_save.tmp' to '..\..\DukeGame\Script\WinDrv.u'
[0013.85] Heading: --------------------OnlineSubsystemPC - Release--------------------
[0013.85] Log: Analyzing...
[0013.85] Log: Loading global macros for OnlineSubsystemPC
[0013.91] Log: Exporting native class declarations for OnlineSubsystemPC
[0013.91] Log: Autogenerating C++ header: 
[0013.92] Log: Autogenerating C++ header: OnlineSubsystemPCNames.h
[0013.92] Log: Success: Compiled 2013 line(s), 228 statement(s).

[0013.92] Log: Scripts successfully compiled - saving package 'D:\projects\Duke2004\Binaries\Win64\..\..\DukeGame\Script\OnlineSubsystemPC.u'
[0013.96] Log: Save=39.457800
[0013.96] Log: Moving '..\..\DukeGame\Script\OnlineSubsystemPC_save.tmp' to '..\..\DukeGame\Script\OnlineSubsystemPC.u'
[0013.96] Heading: --------------------OnlineSubsystemGameSpy - Release--------------------
[0013.96] Log: Analyzing...
[0013.96] Log: Loading global macros for OnlineSubsystemGameSpy
[0014.06] Log: Exporting native class declarations for OnlineSubsystemGameSpy
[0014.06] Log: Autogenerating C++ header: 
[0014.06] Log: Autogenerating C++ header: OnlineSubsystemGameSpyNames.h
[0014.07] Log: Success: Compiled 3381 line(s), 433 statement(s).

[0014.07] Log: Scripts successfully compiled - saving package 'D:\projects\Duke2004\Binaries\Win64\..\..\DukeGame\Script\OnlineSubsystemGameSpy.u'
[0014.11] Log: Save=47.790200
[0014.11] Log: Moving '..\..\DukeGame\Script\OnlineSubsystemGameSpy_save.tmp' to '..\..\DukeGame\Script\OnlineSubsystemGameSpy.u'
[0014.12] Heading: --------------------OnlineSubsystemLive - Release--------------------
[0014.12] Log: Analyzing...
[0014.12] Log: Loading global macros for OnlineSubsystemLive
[0014.31] Log: Exporting native class declarations for OnlineSubsystemLive
[0014.31] Log: Autogenerating C++ header: 
[0014.32] Log: Autogenerating C++ header: OnlineSubsystemLiveNames.h
[0014.32] Log: Success: Compiled 6786 line(s), 694 statement(s).

[0014.32] Log: Scripts successfully compiled - saving package 'D:\projects\Duke2004\Binaries\Win64\..\..\DukeGame\Script\OnlineSubsystemLive.u'
[0014.39] Log: Save=61.934700
[0014.39] Log: Moving '..\..\DukeGame\Script\OnlineSubsystemLive_save.tmp' to '..\..\DukeGame\Script\OnlineSubsystemLive.u'
[0014.39] Heading: --------------------OnlineSubsystemSteamworks - Release--------------------
[0014.39] Log: Analyzing...
[0014.39] Log: Loading global macros for OnlineSubsystemSteamworks
[0014.52] Log: Exporting native class declarations for OnlineSubsystemSteamworks
[0014.53] Log: Autogenerating C++ header: 
[0014.53] Log: Autogenerating C++ header: OnlineSubsystemSteamworksNames.h
[0014.53] Log: Success: Compiled 5464 line(s), 530 statement(s).

[0014.54] Log: Scripts successfully compiled - saving package 'D:\projects\Duke2004\Binaries\Win64\..\..\DukeGame\Script\OnlineSubsystemSteamworks.u'
[0014.59] Log: Save=52.224300
[0014.59] Log: Moving '..\..\DukeGame\Script\OnlineSubsystemSteamworks_save.tmp' to '..\..\DukeGame\Script\OnlineSubsystemSteamworks.u'
[0014.59] Heading: --------------------OnlineSubsystemGameCenter - Release--------------------
[0014.59] Log: Analyzing...
[0014.59] Log: Loading global macros for OnlineSubsystemGameCenter
[0014.71] Log: Exporting native class declarations for OnlineSubsystemGameCenter
[0014.71] Log: Autogenerating C++ header: 
[0014.71] Log: Autogenerating C++ header: OnlineSubsystemGameCenterNames.h
[0014.71] Log: Success: Compiled 3430 line(s), 405 statement(s).

[0014.71] Log: Scripts successfully compiled - saving package 'D:\projects\Duke2004\Binaries\Win64\..\..\DukeGame\Script\OnlineSubsystemGameCenter.u'
[0014.77] Log: Save=51.578200
[0014.77] Log: Moving '..\..\DukeGame\Script\OnlineSubsystemGameCenter_save.tmp' to '..\..\DukeGame\Script\OnlineSubsystemGameCenter.u'
[0014.77] Heading: --------------------DukeGame - Release--------------------
[0014.77] Log: Analyzing...
[0014.77] Log: Loading global macros for DukeGame
[0014.81] Log: Success: Compiled 27 line(s), 5 statement(s).

[0014.81] Log: Scripts successfully compiled - saving package 'D:\projects\Duke2004\Binaries\Win64\..\..\DukeGame\Script\DukeGame.u'
[0014.88] Log: Save=67.603000
[0014.88] Log: Moving '..\..\DukeGame\Script\DukeGame_save.tmp' to '..\..\DukeGame\Script\DukeGame.u'
[0014.92] Log: 
[0014.92] Log: Success - 0 error(s), 0 warning(s)
[0014.93] Log: 
Execution of commandlet took:  10.02 seconds
[0014.93] Exit: Preparing to exit.
[0014.98] Exit: Object subsystem successfully closed.
[0014.98] Log: Shutting down FaceFX...
[0014.98] Log: FaceFX shutdown.
[0014.99] DevDataBase: Spent 0.000606 seconds communicating with "Provider=sqloledb;Data Source=production-db;Initial Catalog=EngineTaskPerf;Trusted_Connection=Yes;Connection Timeout=2" or "10.1.20.20"
[0014.99] Exit: Exiting.
[0014.99] Log: Log file closed, 05/28/23 16:49:35
