Log: Log file open, 04/25/13 17:54:45
Init: WinSock: version 1.1 (2.2), MaxSocks=32767, MaxUdp=65467
DevConfig: GConfig::Find has loaded file:  ..\..\Engine\Config\ConsoleVariables.ini
Init: Version: 11117
Init: Epic Internal: 0
Init: Compiled (32-bit): Apr 24 2013 17:15:59
Init: Changelist: 1620983
Init: Command line: "..\..\ExampleGame\Autosaves\UEDPCUntitled_0.umap" -PIEVIACONSOLE -NoSplash 
Init: Base directory: f:\ue3_contractor_sun.zi.jie\unrealengine3\binaries\win32\
[0000.20] Init: Computer: PC-20121114QRWV
[0000.20] Init: User: Administrator
[0000.20] Init: CPU Page size=4096, Processors=8
[0000.20] Init: High frequency timer resolution =3.330117 MHz
[0000.20] Init: Memory total: Physical=16.0GB (16GB approx) Pagefile=31.9GB Virtual=4.0GB
[0000.23] Init: WinSock: I am PC-20121114QRWV (192.168.1.226:0)
[0000.23] Init: Presizing for 0 objects not considered by GC, pre-allocating 0 bytes.
[0000.23] Init: Object subsystem initialized
[0016.25] DevDataBase: Failure trying to open connection [Provider=sqloledb;Data Source=production-db;Initial Catalog=EngineTaskPerf;Trusted_Connection=Yes;Connection Timeout=2] [Þ¥W&2^'àH]
[0016.25] DevDataBase: Connection to "Provider=sqloledb;Data Source=production-db;Initial Catalog=EngineTaskPerf;Trusted_Connection=Yes;Connection Timeout=2" or "10.1.20.20" failed
[0016.29] Log: Found D3D11 adapter 0: NVIDIA GeForce GTX 670
[0016.29] Log: Adapter has 1994MB of dedicated video memory, 0MB of dedicated system memory, and 2047MB of shared system memory
[0016.30] Log: Shader platform (RHI): PC-D3D-SM3
[0016.44] Warning: Failed to bind listen socket in FDebugServer::Init
[0016.45] Log: PhysX GPU Support: DISABLED
[0016.65] Warning: Warning, ImportText (ValueMappings): Missing opening parenthesis: 
[0016.65] Error: Error, ImportText (ProfileMappings): Property import failed for ValueMappings in: (ValueMappings=((Name="None"),(Name="Black"),(Name="White"),(Name="Yellow"),
[0016.65] Warning: Warning, ImportText (ValueMappings): Missing opening parenthesis: 
[0016.65] Error: Error, ImportText (ProfileMappings): Property import failed for ValueMappings in: (ValueMappings=((Name="None"),(Name="Black"),(Name="White"),(Name="Yellow"),
[0017.16] Log: 45169 objects as part of root set at end of initial load.
[0017.16] Log: 0 out of 0 bytes used by permanent object pool.
[0017.16] Log: Initializing Engine...
[0017.64] ScriptLog: Loading McpServerBase McpConfigClass:IpDrv.McpServiceConfig
[0017.64] ScriptLog: Loading McpServerBase McpConfigClass:IpDrv.McpServiceConfig
[0017.65] Warning: Warning, àÕ } 'Class None.': àÕ~0ùa 'Class None.'
[0017.65] Warning: Warning, àÕ~0ùa 'Class None.'
[0017.65] Warning: Warning, àÕ } 'Class None.': àÕ~0ùa 'Class None.'
[0017.65] Warning: Warning, àÕ~0ùa 'Class None.'
[0017.65] Warning: Warning, àÕ } 'Class None.': àÕ~0ùa 'Class None.'
[0017.65] Warning: Warning, àÕ~0ùa 'Class None.'
[0017.65] Warning: Warning, àÕ } 'Class None.': àÕ~0ùa 'Class None.'
[0017.65] Warning: Warning, àÕ~0ùa 'Class None.'
[0017.65] Log: LoadMap: ..\..\ExampleGame\Autosaves\UEDPCUntitled_0.umap?Name=Player?Team=255
[0017.67] Log: 
[0017.67] DevMemory: Memory allocations reported by the OS: 244.65 MB (with 0.00 MB waste)
[0017.67] DevMemory: Virtual memory tracked in the allocators: 100.83 MB (with 93.91 MB used, 1.28 MB slack and 5.63 MB waste)
[0017.67] Log: Game class is 'ExampleGameInfo'
[0017.68] Log: Primary PhysX scene will be in software.
[0017.68] Log: Creating Primary PhysX Scene.
[0017.68] Log: *** WARNING - PATHS MAY NOT BE VALID ***
[0017.68] Log: Bringing World uedpcuntitled_0.TheWorld up for play (0) at 2013.04.25-17.55.03
[0017.69] Log: Bringing up level for play took: 0.003423
[0017.69] Error: (Function Engine.GameInfo:ChoosePlayerStart:0102) Cannot use AllNavigationPoints() here - NavigationPointList not set up yet
[0017.69] ScriptLog: Warning - PATHS NOT DEFINED or NO PLAYERSTART with positive rating
[0017.69] Warning: Login failed: Engine.GameMessage.FailedPlaceMessage
[0017.69] Critical: appError called: ý§©¶: àÕ~0úÑ