Log: Log file open, 05/28/23 16:50:03
Init: WinSock: version 1.1 (2.2), MaxSocks=32767, MaxUdp=65467
DevConfig: GConfig::LoadFile has loaded file:  ..\..\DukeGame\Config\DukeEditor.ini
DevConfig: GConfig::LoadFile has loaded file:  ..\..\DukeGame\Config\DukeEditorUserSettings.ini
DevConfig: GConfig::LoadFile has loaded file:  ..\..\DukeGame\Config\DukeSystemSettings.ini
DevConfig: GConfig::LoadFile has loaded file:  ..\..\DukeGame\Config\DukeLightmass.ini
DevConfig: GConfig::LoadFile has loaded file:  ..\..\DukeGame\Config\DukeEngine.ini
DevConfig: GConfig::LoadFile has loaded file:  ..\..\DukeGame\Config\DukeGame.ini
DevConfig: GConfig::LoadFile has loaded file:  ..\..\DukeGame\Config\DukeInput.ini
DevConfig: GConfig::LoadFile has loaded file:  ..\..\DukeGame\Config\DukeUI.ini
DevConfig: GConfig::Find has loaded file:  ..\..\Engine\Config\ConsoleVariables.ini
Init: Version: 10897
Init: Epic Internal: 0
Init: Compiled (64-bit): May 28 2023 16:40:17
Init: Changelist: 1532151
Init: Command line:  
Init: Base directory: D:\projects\Duke2004\Binaries\Win64\
[0000.62] Init: Computer: JUSTIN-MAINPC
[0000.62] Init: User: justi
[0000.62] Init: CPU Page size=4096, Processors=32
[0000.63] Init: High frequency timer resolution =10.000000 MHz
[0000.63] Init: Memory total: Physical=63.1GB (63GB approx) Pagefile=75.6GB Virtual=131072.0GB
[0000.63] DevStats: GSecondsPerCycle 1.000000e-007
[0000.68] Init: WinSock: I am justin-mainpc (192.168.1.4:0)
[0000.68] Init: Presizing for 0 objects not considered by GC, pre-allocating 0 bytes.
[0000.68] Init: Object subsystem initialized
[0000.68] DevSave: (System) 'Default__System' loading configuration from ..\..\DukeGame\Config\DukeEngine.ini
[0000.68] DevSave:    Loading value for SeekFreePCPaths from [Core.System]
[0000.68] DevSave:    Loading value for SeekFreePCExtensions from [Core.System]
[0000.68] DevSave:    Loading value for CutdownPaths from [Core.System]
[0000.68] DevSave:    Loading value for LocalizationPaths from [Core.System]
[0000.68] DevSave:    Loading value for TextureFileCacheExtension from [Core.System]
[0000.68] DevSave:    Loading value for Extensions from [Core.System]
[0000.69] DevSave:    Loading value for Suppress from [Core.System]
[0000.69] DevSave:    Loading value for FRScriptPaths from [Core.System]
[0000.69] DevSave:    Loading value for ScriptPaths from [Core.System]
[0000.69] DevSave:    Loading value for Paths from [Core.System]
[0000.69] DevSave:    Loading value for CacheExt from [Core.System]
[0000.69] DevSave:    Loading value for CachePath from [Core.System]
[0000.69] DevSave:    Loading value for SavePath from [Core.System]
[0000.69] DevSave:    Loading value for AsyncIOBandwidthLimit from [Core.System]
[0000.69] DevSave:    Loading value for PackageSizeSoftLimit from [Core.System]
[0000.69] DevSave:    Loading value for MaxOverallCacheSize from [Core.System]
[0000.69] DevSave:    Loading value for MaxStaleCacheSize from [Core.System]
[0000.69] DevSave:    Loading value for StaleCacheDays from [Core.System]
[0000.70] DevDataBase: Connection to "Provider=sqloledb;Data Source=production-db;Initial Catalog=EngineTaskPerf;Trusted_Connection=Yes;Connection Timeout=2" or "10.1.20.20" failed
[0001.02] Log: Found D3D11 adapter 0: NVIDIA GeForce RTX 4090
[0001.02] Log: Adapter has 24156MB of dedicated video memory, 0MB of dedicated system memory, and 32331MB of shared system memory
[0001.07] Log: Found D3D11 adapter 1: Microsoft Basic Render Driver
[0001.07] Log: Adapter has 0MB of dedicated video memory, 0MB of dedicated system memory, and 32331MB of shared system memory
[0001.11] Log: Shader platform (RHI): PC-D3D-SM3
[0001.21] Log: PhysX GPU Support: DISABLED
[0002.00] Log: Incomplete cached shader map for material DefaultMaterial, quality 0, compiling.
[0002.76] Log: Incomplete cached shader map for material LightmapResolutionMaterial, quality 0, compiling.
[0003.03] Log: Incomplete cached shader map for material MaterialError_Mat, quality 0, compiling.
[0003.29] Log: 45139 objects as part of root set at end of initial load.
[0003.35] Log: 0 out of 0 bytes used by permanent object pool.
[0003.41] Log: Initializing Engine...
[0010.14] ScriptLog: Loading McpServerBase McpConfigClass:IpDrv.McpServiceConfig
[0010.14] ScriptLog: Loading McpServerBase McpConfigClass:IpDrv.McpServiceConfig
[0010.14] Warning: Warning, Failed to load 'Class None.': Failed to find object 'Class None.'
[0010.14] Warning: Warning, Failed to find object 'Class None.'
[0010.14] Warning: Warning, Failed to load 'Class None.': Failed to find object 'Class None.'
[0010.15] Warning: Warning, Failed to find object 'Class None.'
[0010.15] Warning: Warning, Failed to load 'Class None.': Failed to find object 'Class None.'
[0010.15] Warning: Warning, Failed to find object 'Class None.'
[0010.15] Warning: Warning, Failed to load 'Class None.': Failed to find object 'Class None.'
[0010.15] Warning: Warning, Failed to find object 'Class None.'
[0010.15] Log: LoadMap: ExampleEntry?Name=Player?Team=255
[0010.28] Log: 
[0010.28] DevMemory: Memory allocations reported by the OS: 10.45 MB (with 0.00 MB waste)
[0010.28] DevMemory: Virtual memory tracked in the allocators: 102.04 MB (with 102.04 MB used, 0.00 MB slack and 0.00 MB waste)
[0010.29] Warning: Warning, Failed to load 'Class dukegame.DukeGameInfo': Failed to find object 'Class dukegame.DukeGameInfo'
[0010.29] Warning: Warning, Failed to find object 'Class dukegame.DukeGameInfo'
[0010.29] Log: Game class is 'GameInfo'
[0010.30] Log: Primary PhysX scene will be in software.
[0010.31] Log: Creating Primary PhysX Scene.
[0010.31] Log: Bringing World exampleentry.TheWorld up for play (0) at 2023.05.28-16.50.12
[0010.31] Log: Bringing up level for play took: 0.010771
[0010.31] Log: ########### Finished loading level: 0.162872 seconds
[0010.32] Log: Initializing Engine Completed
[0010.32] Log: >>>>>>>>>>>>>> Initial startup: 10.32s <<<<<<<<<<<<<<<
[0010.49] Log: Save=162.562500
[0010.49] Log: Compressing '..\..\DukeGame\Content\LocalShaderCache-PC-D3D-SM3_save.tmp' to '..\..\DukeGame\Content\LocalShaderCache-PC-D3D-SM3.upk'
[0015.25] Log: Assembled 308 auto-complete commands, manual: 92, exec: 184, kismet: 0
[0029.36] Log: Closing by request
[0029.36] Log: appRequestExit(0)
[0029.43] Exit: Preparing to exit.
[0029.47] Exit: Game engine shut down
[0030.11] Exit: Windows client shut down
[0030.12] Exit: XAudio2 Device shut down.
[0030.14] Exit: Object subsystem successfully closed.
[0030.16] Log: Shutting down FaceFX...
[0030.16] Log: FaceFX shutdown.
[0030.18] DevDataBase: Spent 0.000311 seconds communicating with "Provider=sqloledb;Data Source=production-db;Initial Catalog=EngineTaskPerf;Trusted_Connection=Yes;Connection Timeout=2" or "10.1.20.20"
[0030.18] Exit: Exiting.
[0030.19] Log: Log file closed, 05/28/23 16:50:32
